This is pdfTeX, Version 3.14159265-2.6-1.40.16 (TeX Live 2015) (preloaded format=pdflatex 2019.9.17)  31 JAN 2025 10:34
entering extended mode
 restricted \write18 enabled.
 file:line:error style messages enabled.
 %&-line parsing enabled.
**bookdown-demo.tex
(./bookdown-demo.tex
LaTeX2e <2015/01/01>
Babel <3.9l> and hyphenation patterns for 79 languages loaded.

! LaTeX Error: File `Nemilov.cls' not found.

Type X to quit or <RETURN> to proceed,
or enter new name. (Default extension: cls)

Enter file name: 
./bookdown-demo.tex:8: Emergency stop.
<read *> 
         
l.8 \usepackage
               {amsmath,amssymb}^^M
End of file on the terminal!

 
Here is how much of TeX's memory you used:
 12 strings out of 493089
 235 string characters out of 6134842
 53199 words of memory out of 5000000
 3595 multiletter control sequences out of 15000+600000
 3640 words of font info for 14 fonts, out of 8000000 for 9000
 1141 hyphenation exceptions out of 8191
 10i,0n,7p,77b,8s stack positions out of 5000i,500n,10000p,200000b,80000s
./bookdown-demo.tex:8:  ==> Fatal error occurred, no output PDF file produced!
